<?xml version="1.0" encoding="UTF-8"?>
<coverage generated="1584044926567" clover="3.2.0">
  <project timestamp="1584044926567" name="All files">
    <metrics statements="31" coveredstatements="31" conditionals="21" coveredconditionals="21" methods="6" coveredmethods="6" elements="58" coveredelements="58" complexity="0" loc="31" ncloc="31" packages="1" files="1" classes="1">
      <file name="index.js" path="/home/ubuntu/code/codeCourse/AppGitHub/src/utils/pagination/index.js">
        <metrics statements="31" coveredstatements="31" conditionals="21" coveredconditionals="21" methods="6" coveredmethods="6"/>
        <line num="1" count="1" type="stmt"/>
        <line num="2" count="36" type="cond" truecount="2" falsecount="0"/>
        <line num="8" count="37" type="stmt"/>
        <line num="10" count="1" type="cond" truecount="3" falsecount="0"/>
        <line num="13" count="19" type="cond" truecount="2" falsecount="0"/>
        <line num="14" count="1" type="stmt"/>
        <line num="17" count="18" type="cond" truecount="2" falsecount="0"/>
        <line num="18" count="1" type="stmt"/>
        <line num="21" count="17" type="cond" truecount="2" falsecount="0"/>
        <line num="22" count="10" type="stmt"/>
        <line num="25" count="12" type="stmt"/>
        <line num="26" count="12" type="stmt"/>
        <line num="30" count="36" type="stmt"/>
        <line num="35" count="60" type="stmt"/>
        <line num="37" count="12" type="stmt"/>
        <line num="38" count="12" type="stmt"/>
        <line num="40" count="12" type="cond" truecount="2" falsecount="0"/>
        <line num="41" count="2" type="stmt"/>
        <line num="44" count="12" type="stmt"/>
        <line num="45" count="12" type="stmt"/>
        <line num="47" count="12" type="cond" truecount="2" falsecount="0"/>
        <line num="48" count="4" type="stmt"/>
        <line num="51" count="12" type="stmt"/>
        <line num="52" count="12" type="stmt"/>
        <line num="54" count="12" type="cond" truecount="2" falsecount="0"/>
        <line num="55" count="2" type="stmt"/>
        <line num="58" count="12" type="stmt"/>
        <line num="59" count="12" type="stmt"/>
        <line num="61" count="12" type="cond" truecount="2" falsecount="0"/>
        <line num="62" count="6" type="stmt"/>
        <line num="65" count="12" type="stmt"/>
      </file>
    </metrics>
  </project>
</coverage>
