{"/home/ubuntu/code/codeCourse/AppGitHub/src/utils/pagination/index.js": {"path":"/home/ubuntu/code/codeCourse/AppGitHub/src/utils/pagination/index.js","statementMap":{"0":{"start":{"line":1,"column":19},"end":{"line":7,"column":1}},"1":{"start":{"line":2,"column":2},"end":{"line":6,"column":21}},"2":{"start":{"line":8,"column":17},"end":{"line":8,"column":51}},"3":{"start":{"line":8,"column":26},"end":{"line":8,"column":51}},"4":{"start":{"line":10,"column":19},"end":{"line":66,"column":1}},"5":{"start":{"line":13,"column":2},"end":{"line":15,"column":3}},"6":{"start":{"line":14,"column":4},"end":{"line":14,"column":52}},"7":{"start":{"line":17,"column":2},"end":{"line":19,"column":3}},"8":{"start":{"line":18,"column":4},"end":{"line":18,"column":57}},"9":{"start":{"line":21,"column":2},"end":{"line":23,"column":3}},"10":{"start":{"line":22,"column":4},"end":{"line":22,"column":58}},"11":{"start":{"line":22,"column":51},"end":{"line":22,"column":56}},"12":{"start":{"line":25,"column":23},"end":{"line":25,"column":24}},"13":{"start":{"line":26,"column":14},"end":{"line":33,"column":3}},"14":{"start":{"line":30,"column":16},"end":{"line":30,"column":53}},"15":{"start":{"line":35,"column":2},"end":{"line":35,"column":78}},"16":{"start":{"line":35,"column":47},"end":{"line":35,"column":76}},"17":{"start":{"line":37,"column":18},"end":{"line":37,"column":26}},"18":{"start":{"line":38,"column":19},"end":{"line":38,"column":27}},"19":{"start":{"line":40,"column":2},"end":{"line":42,"column":3}},"20":{"start":{"line":41,"column":4},"end":{"line":41,"column":58}},"21":{"start":{"line":44,"column":2},"end":{"line":44,"column":23}},"22":{"start":{"line":45,"column":2},"end":{"line":45,"column":24}},"23":{"start":{"line":47,"column":2},"end":{"line":49,"column":3}},"24":{"start":{"line":48,"column":4},"end":{"line":48,"column":50}},"25":{"start":{"line":51,"column":24},"end":{"line":51,"column":47}},"26":{"start":{"line":52,"column":17},"end":{"line":52,"column":40}},"27":{"start":{"line":54,"column":2},"end":{"line":56,"column":3}},"28":{"start":{"line":55,"column":4},"end":{"line":55,"column":60}},"29":{"start":{"line":58,"column":2},"end":{"line":58,"column":44}},"30":{"start":{"line":59,"column":2},"end":{"line":59,"column":37}},"31":{"start":{"line":61,"column":2},"end":{"line":63,"column":3}},"32":{"start":{"line":62,"column":4},"end":{"line":62,"column":53}},"33":{"start":{"line":65,"column":2},"end":{"line":65,"column":15}}},"fnMap":{"0":{"name":"(anonymous_0)","decl":{"start":{"line":1,"column":19},"end":{"line":1,"column":20}},"loc":{"start":{"line":1,"column":46},"end":{"line":7,"column":1}},"line":1},"1":{"name":"(anonymous_1)","decl":{"start":{"line":8,"column":17},"end":{"line":8,"column":18}},"loc":{"start":{"line":8,"column":26},"end":{"line":8,"column":51}},"line":8},"2":{"name":"(anonymous_2)","decl":{"start":{"line":10,"column":19},"end":{"line":10,"column":20}},"loc":{"start":{"line":10,"column":59},"end":{"line":66,"column":1}},"line":10},"3":{"name":"(anonymous_3)","decl":{"start":{"line":22,"column":41},"end":{"line":22,"column":42}},"loc":{"start":{"line":22,"column":51},"end":{"line":22,"column":56}},"line":22},"4":{"name":"(anonymous_4)","decl":{"start":{"line":30,"column":6},"end":{"line":30,"column":7}},"loc":{"start":{"line":30,"column":16},"end":{"line":30,"column":53}},"line":30},"5":{"name":"(anonymous_5)","decl":{"start":{"line":35,"column":23},"end":{"line":35,"column":24}},"loc":{"start":{"line":35,"column":47},"end":{"line":35,"column":76}},"line":35}},"branchMap":{"0":{"loc":{"start":{"line":2,"column":9},"end":{"line":6,"column":20}},"type":"cond-expr","locations":[{"start":{"line":3,"column":6},"end":{"line":3,"column":7}},{"start":{"line":4,"column":6},"end":{"line":6,"column":20}}],"line":2},"1":{"loc":{"start":{"line":4,"column":6},"end":{"line":6,"column":20}},"type":"cond-expr","locations":[{"start":{"line":5,"column":6},"end":{"line":5,"column":20}},{"start":{"line":6,"column":6},"end":{"line":6,"column":20}}],"line":4},"2":{"loc":{"start":{"line":10,"column":20},"end":{"line":10,"column":54}},"type":"default-arg","locations":[{"start":{"line":10,"column":52},"end":{"line":10,"column":54}}],"line":10},"3":{"loc":{"start":{"line":10,"column":22},"end":{"line":10,"column":31}},"type":"default-arg","locations":[{"start":{"line":10,"column":30},"end":{"line":10,"column":31}}],"line":10},"4":{"loc":{"start":{"line":10,"column":33},"end":{"line":10,"column":47}},"type":"default-arg","locations":[{"start":{"line":10,"column":46},"end":{"line":10,"column":47}}],"line":10},"5":{"loc":{"start":{"line":13,"column":2},"end":{"line":15,"column":3}},"type":"if","locations":[{"start":{"line":13,"column":2},"end":{"line":15,"column":3}},{"start":{"line":13,"column":2},"end":{"line":15,"column":3}}],"line":13},"6":{"loc":{"start":{"line":17,"column":2},"end":{"line":19,"column":3}},"type":"if","locations":[{"start":{"line":17,"column":2},"end":{"line":19,"column":3}},{"start":{"line":17,"column":2},"end":{"line":19,"column":3}}],"line":17},"7":{"loc":{"start":{"line":21,"column":2},"end":{"line":23,"column":3}},"type":"if","locations":[{"start":{"line":21,"column":2},"end":{"line":23,"column":3}},{"start":{"line":21,"column":2},"end":{"line":23,"column":3}}],"line":21},"8":{"loc":{"start":{"line":40,"column":2},"end":{"line":42,"column":3}},"type":"if","locations":[{"start":{"line":40,"column":2},"end":{"line":42,"column":3}},{"start":{"line":40,"column":2},"end":{"line":42,"column":3}}],"line":40},"9":{"loc":{"start":{"line":47,"column":2},"end":{"line":49,"column":3}},"type":"if","locations":[{"start":{"line":47,"column":2},"end":{"line":49,"column":3}},{"start":{"line":47,"column":2},"end":{"line":49,"column":3}}],"line":47},"10":{"loc":{"start":{"line":54,"column":2},"end":{"line":56,"column":3}},"type":"if","locations":[{"start":{"line":54,"column":2},"end":{"line":56,"column":3}},{"start":{"line":54,"column":2},"end":{"line":56,"column":3}}],"line":54},"11":{"loc":{"start":{"line":61,"column":2},"end":{"line":63,"column":3}},"type":"if","locations":[{"start":{"line":61,"column":2},"end":{"line":63,"column":3}},{"start":{"line":61,"column":2},"end":{"line":63,"column":3}}],"line":61}},"s":{"0":1,"1":36,"2":1,"3":37,"4":1,"5":19,"6":1,"7":18,"8":1,"9":17,"10":5,"11":10,"12":12,"13":12,"14":36,"15":12,"16":60,"17":12,"18":12,"19":12,"20":2,"21":12,"22":12,"23":12,"24":4,"25":12,"26":12,"27":12,"28":2,"29":12,"30":12,"31":12,"32":6,"33":12},"f":{"0":36,"1":37,"2":19,"3":10,"4":36,"5":60},"b":{"0":[9,27],"1":[3,24],"2":[1],"3":[2],"4":[3],"5":[1,18],"6":[1,17],"7":[5,12],"8":[2,10],"9":[4,8],"10":[2,10],"11":[6,6]},"_coverageSchema":"332fd63041d2c1bcb487cc26dd0d5f7d97098a6c","hash":"0ad88c7b05f720db3fcda9eb5d52b6a89a46186d"}
}
