TN:
SF:/home/ubuntu/code/codeCourse/AppGitHub/src/utils/pagination/index.js
FN:1,(anonymous_0)
FN:8,(anonymous_1)
FN:10,(anonymous_2)
FN:22,(anonymous_3)
FN:30,(anonymous_4)
FN:35,(anonymous_5)
FNF:6
FNH:6
FNDA:36,(anonymous_0)
FNDA:37,(anonymous_1)
FNDA:19,(anonymous_2)
FNDA:10,(anonymous_3)
FNDA:36,(anonymous_4)
FNDA:60,(anonymous_5)
DA:1,1
DA:2,36
DA:8,37
DA:10,1
DA:13,19
DA:14,1
DA:17,18
DA:18,1
DA:21,17
DA:22,10
DA:25,12
DA:26,12
DA:30,36
DA:35,60
DA:37,12
DA:38,12
DA:40,12
DA:41,2
DA:44,12
DA:45,12
DA:47,12
DA:48,4
DA:51,12
DA:52,12
DA:54,12
DA:55,2
DA:58,12
DA:59,12
DA:61,12
DA:62,6
DA:65,12
LF:31
LH:31
BRDA:2,0,0,9
BRDA:2,0,1,27
BRDA:4,1,0,3
BRDA:4,1,1,24
BRDA:10,2,0,1
BRDA:10,3,0,2
BRDA:10,4,0,3
BRDA:13,5,0,1
BRDA:13,5,1,18
BRDA:17,6,0,1
BRDA:17,6,1,17
BRDA:21,7,0,5
BRDA:21,7,1,12
BRDA:40,8,0,2
BRDA:40,8,1,10
BRDA:47,9,0,4
BRDA:47,9,1,8
BRDA:54,10,0,2
BRDA:54,10,1,10
BRDA:61,11,0,6
BRDA:61,11,1,6
BRF:21
BRH:21
end_of_record
